  Mandelbrot.cpp
  Complex.cpp
  Main.cpp
  Button.cpp
  Text.cpp
F:\Code\Projets\C++\Complexes\Complexes\src\UserInterface\Text.cpp(16,2): warning C4002: trop d'arguments pour l'appel de macro de type fonction 'LOG_INFO'
  Widget.cpp
sfml-graphics-s-d.lib(RenderStates.cpp.obj) : error LNK2038: discordance détectée pour '_ITERATOR_DEBUG_LEVEL' : la valeur '2' ne correspond pas à la valeur '0' in Mandelbrot.obj
sfml-graphics-s-d.lib(RenderStates.cpp.obj) : error LNK2038: discordance détectée pour 'RuntimeLibrary' : la valeur 'MDd_DynamicDebug' ne correspond pas à la valeur 'MD_DynamicRelease' in Mandelbrot.obj
sfml-graphics-s-d.lib(Color.cpp.obj) : error LNK2038: discordance détectée pour '_ITERATOR_DEBUG_LEVEL' : la valeur '2' ne correspond pas à la valeur '0' in Mandelbrot.obj
sfml-graphics-s-d.lib(Color.cpp.obj) : error LNK2038: discordance détectée pour 'RuntimeLibrary' : la valeur 'MDd_DynamicDebug' ne correspond pas à la valeur 'MD_DynamicRelease' in Mandelbrot.obj
sfml-graphics-s-d.lib(Transformable.cpp.obj) : error LNK2038: discordance détectée pour '_ITERATOR_DEBUG_LEVEL' : la valeur '2' ne correspond pas à la valeur '0' in Mandelbrot.obj
sfml-graphics-s-d.lib(Transformable.cpp.obj) : error LNK2038: discordance détectée pour 'RuntimeLibrary' : la valeur 'MDd_DynamicDebug' ne correspond pas à la valeur 'MD_DynamicRelease' in Mandelbrot.obj
sfml-graphics-s-d.lib(Texture.cpp.obj) : error LNK2038: discordance détectée pour '_ITERATOR_DEBUG_LEVEL' : la valeur '2' ne correspond pas à la valeur '0' in Mandelbrot.obj
sfml-graphics-s-d.lib(Texture.cpp.obj) : error LNK2038: discordance détectée pour 'RuntimeLibrary' : la valeur 'MDd_DynamicDebug' ne correspond pas à la valeur 'MD_DynamicRelease' in Mandelbrot.obj
sfml-graphics-s-d.lib(RenderWindow.cpp.obj) : error LNK2038: discordance détectée pour '_ITERATOR_DEBUG_LEVEL' : la valeur '2' ne correspond pas à la valeur '0' in Mandelbrot.obj
sfml-graphics-s-d.lib(RenderWindow.cpp.obj) : error LNK2038: discordance détectée pour 'RuntimeLibrary' : la valeur 'MDd_DynamicDebug' ne correspond pas à la valeur 'MD_DynamicRelease' in Mandelbrot.obj
sfml-graphics-s-d.lib(Image.cpp.obj) : error LNK2038: discordance détectée pour '_ITERATOR_DEBUG_LEVEL' : la valeur '2' ne correspond pas à la valeur '0' in Mandelbrot.obj
sfml-graphics-s-d.lib(Image.cpp.obj) : error LNK2038: discordance détectée pour 'RuntimeLibrary' : la valeur 'MDd_DynamicDebug' ne correspond pas à la valeur 'MD_DynamicRelease' in Mandelbrot.obj
sfml-graphics-s-d.lib(RenderTarget.cpp.obj) : error LNK2038: discordance détectée pour '_ITERATOR_DEBUG_LEVEL' : la valeur '2' ne correspond pas à la valeur '0' in Mandelbrot.obj
sfml-graphics-s-d.lib(RenderTarget.cpp.obj) : error LNK2038: discordance détectée pour 'RuntimeLibrary' : la valeur 'MDd_DynamicDebug' ne correspond pas à la valeur 'MD_DynamicRelease' in Mandelbrot.obj
sfml-graphics-s-d.lib(Sprite.cpp.obj) : error LNK2038: discordance détectée pour '_ITERATOR_DEBUG_LEVEL' : la valeur '2' ne correspond pas à la valeur '0' in Mandelbrot.obj
sfml-graphics-s-d.lib(Sprite.cpp.obj) : error LNK2038: discordance détectée pour 'RuntimeLibrary' : la valeur 'MDd_DynamicDebug' ne correspond pas à la valeur 'MD_DynamicRelease' in Mandelbrot.obj
sfml-graphics-s-d.lib(Shape.cpp.obj) : error LNK2038: discordance détectée pour '_ITERATOR_DEBUG_LEVEL' : la valeur '2' ne correspond pas à la valeur '0' in Mandelbrot.obj
sfml-graphics-s-d.lib(Shape.cpp.obj) : error LNK2038: discordance détectée pour 'RuntimeLibrary' : la valeur 'MDd_DynamicDebug' ne correspond pas à la valeur 'MD_DynamicRelease' in Mandelbrot.obj
sfml-graphics-s-d.lib(RectangleShape.cpp.obj) : error LNK2038: discordance détectée pour '_ITERATOR_DEBUG_LEVEL' : la valeur '2' ne correspond pas à la valeur '0' in Mandelbrot.obj
sfml-graphics-s-d.lib(RectangleShape.cpp.obj) : error LNK2038: discordance détectée pour 'RuntimeLibrary' : la valeur 'MDd_DynamicDebug' ne correspond pas à la valeur 'MD_DynamicRelease' in Mandelbrot.obj
sfml-graphics-s-d.lib(Font.cpp.obj) : error LNK2038: discordance détectée pour '_ITERATOR_DEBUG_LEVEL' : la valeur '2' ne correspond pas à la valeur '0' in Mandelbrot.obj
sfml-graphics-s-d.lib(Font.cpp.obj) : error LNK2038: discordance détectée pour 'RuntimeLibrary' : la valeur 'MDd_DynamicDebug' ne correspond pas à la valeur 'MD_DynamicRelease' in Mandelbrot.obj
sfml-graphics-s-d.lib(Text.cpp.obj) : error LNK2038: discordance détectée pour '_ITERATOR_DEBUG_LEVEL' : la valeur '2' ne correspond pas à la valeur '0' in Mandelbrot.obj
sfml-graphics-s-d.lib(Text.cpp.obj) : error LNK2038: discordance détectée pour 'RuntimeLibrary' : la valeur 'MDd_DynamicDebug' ne correspond pas à la valeur 'MD_DynamicRelease' in Mandelbrot.obj
sfml-graphics-s-d.lib(Transform.cpp.obj) : error LNK2038: discordance détectée pour '_ITERATOR_DEBUG_LEVEL' : la valeur '2' ne correspond pas à la valeur '0' in Mandelbrot.obj
sfml-graphics-s-d.lib(Transform.cpp.obj) : error LNK2038: discordance détectée pour 'RuntimeLibrary' : la valeur 'MDd_DynamicDebug' ne correspond pas à la valeur 'MD_DynamicRelease' in Mandelbrot.obj
sfml-graphics-s-d.lib(GLExtensions.cpp.obj) : error LNK2038: discordance détectée pour '_ITERATOR_DEBUG_LEVEL' : la valeur '2' ne correspond pas à la valeur '0' in Mandelbrot.obj
sfml-graphics-s-d.lib(GLExtensions.cpp.obj) : error LNK2038: discordance détectée pour 'RuntimeLibrary' : la valeur 'MDd_DynamicDebug' ne correspond pas à la valeur 'MD_DynamicRelease' in Mandelbrot.obj
sfml-graphics-s-d.lib(GLCheck.cpp.obj) : error LNK2038: discordance détectée pour '_ITERATOR_DEBUG_LEVEL' : la valeur '2' ne correspond pas à la valeur '0' in Mandelbrot.obj
sfml-graphics-s-d.lib(GLCheck.cpp.obj) : error LNK2038: discordance détectée pour 'RuntimeLibrary' : la valeur 'MDd_DynamicDebug' ne correspond pas à la valeur 'MD_DynamicRelease' in Mandelbrot.obj
sfml-graphics-s-d.lib(RenderTextureImplFBO.cpp.obj) : error LNK2038: discordance détectée pour '_ITERATOR_DEBUG_LEVEL' : la valeur '2' ne correspond pas à la valeur '0' in Mandelbrot.obj
sfml-graphics-s-d.lib(RenderTextureImplFBO.cpp.obj) : error LNK2038: discordance détectée pour 'RuntimeLibrary' : la valeur 'MDd_DynamicDebug' ne correspond pas à la valeur 'MD_DynamicRelease' in Mandelbrot.obj
sfml-graphics-s-d.lib(ImageLoader.cpp.obj) : error LNK2038: discordance détectée pour '_ITERATOR_DEBUG_LEVEL' : la valeur '2' ne correspond pas à la valeur '0' in Mandelbrot.obj
sfml-graphics-s-d.lib(ImageLoader.cpp.obj) : error LNK2038: discordance détectée pour 'RuntimeLibrary' : la valeur 'MDd_DynamicDebug' ne correspond pas à la valeur 'MD_DynamicRelease' in Mandelbrot.obj
sfml-graphics-s-d.lib(View.cpp.obj) : error LNK2038: discordance détectée pour '_ITERATOR_DEBUG_LEVEL' : la valeur '2' ne correspond pas à la valeur '0' in Mandelbrot.obj
sfml-graphics-s-d.lib(View.cpp.obj) : error LNK2038: discordance détectée pour 'RuntimeLibrary' : la valeur 'MDd_DynamicDebug' ne correspond pas à la valeur 'MD_DynamicRelease' in Mandelbrot.obj
sfml-graphics-s-d.lib(Shader.cpp.obj) : error LNK2038: discordance détectée pour '_ITERATOR_DEBUG_LEVEL' : la valeur '2' ne correspond pas à la valeur '0' in Mandelbrot.obj
sfml-graphics-s-d.lib(Shader.cpp.obj) : error LNK2038: discordance détectée pour 'RuntimeLibrary' : la valeur 'MDd_DynamicDebug' ne correspond pas à la valeur 'MD_DynamicRelease' in Mandelbrot.obj
sfml-graphics-s-d.lib(VertexBuffer.cpp.obj) : error LNK2038: discordance détectée pour '_ITERATOR_DEBUG_LEVEL' : la valeur '2' ne correspond pas à la valeur '0' in Mandelbrot.obj
sfml-graphics-s-d.lib(VertexBuffer.cpp.obj) : error LNK2038: discordance détectée pour 'RuntimeLibrary' : la valeur 'MDd_DynamicDebug' ne correspond pas à la valeur 'MD_DynamicRelease' in Mandelbrot.obj
sfml-graphics-s-d.lib(VertexArray.cpp.obj) : error LNK2038: discordance détectée pour '_ITERATOR_DEBUG_LEVEL' : la valeur '2' ne correspond pas à la valeur '0' in Mandelbrot.obj
sfml-graphics-s-d.lib(VertexArray.cpp.obj) : error LNK2038: discordance détectée pour 'RuntimeLibrary' : la valeur 'MDd_DynamicDebug' ne correspond pas à la valeur 'MD_DynamicRelease' in Mandelbrot.obj
sfml-graphics-s-d.lib(Glsl.cpp.obj) : error LNK2038: discordance détectée pour '_ITERATOR_DEBUG_LEVEL' : la valeur '2' ne correspond pas à la valeur '0' in Mandelbrot.obj
sfml-graphics-s-d.lib(Glsl.cpp.obj) : error LNK2038: discordance détectée pour 'RuntimeLibrary' : la valeur 'MDd_DynamicDebug' ne correspond pas à la valeur 'MD_DynamicRelease' in Mandelbrot.obj
sfml-window-s-d.lib(Window.cpp.obj) : error LNK2038: discordance détectée pour '_ITERATOR_DEBUG_LEVEL' : la valeur '2' ne correspond pas à la valeur '0' in Mandelbrot.obj
sfml-window-s-d.lib(Window.cpp.obj) : error LNK2038: discordance détectée pour 'RuntimeLibrary' : la valeur 'MDd_DynamicDebug' ne correspond pas à la valeur 'MD_DynamicRelease' in Mandelbrot.obj
sfml-window-s-d.lib(VideoMode.cpp.obj) : error LNK2038: discordance détectée pour '_ITERATOR_DEBUG_LEVEL' : la valeur '2' ne correspond pas à la valeur '0' in Mandelbrot.obj
sfml-window-s-d.lib(VideoMode.cpp.obj) : error LNK2038: discordance détectée pour 'RuntimeLibrary' : la valeur 'MDd_DynamicDebug' ne correspond pas à la valeur 'MD_DynamicRelease' in Mandelbrot.obj
sfml-window-s-d.lib(Mouse.cpp.obj) : error LNK2038: discordance détectée pour '_ITERATOR_DEBUG_LEVEL' : la valeur '2' ne correspond pas à la valeur '0' in Mandelbrot.obj
sfml-window-s-d.lib(Mouse.cpp.obj) : error LNK2038: discordance détectée pour 'RuntimeLibrary' : la valeur 'MDd_DynamicDebug' ne correspond pas à la valeur 'MD_DynamicRelease' in Mandelbrot.obj
sfml-window-s-d.lib(GlContext.cpp.obj) : error LNK2038: discordance détectée pour '_ITERATOR_DEBUG_LEVEL' : la valeur '2' ne correspond pas à la valeur '0' in Mandelbrot.obj
sfml-window-s-d.lib(GlContext.cpp.obj) : error LNK2038: discordance détectée pour 'RuntimeLibrary' : la valeur 'MDd_DynamicDebug' ne correspond pas à la valeur 'MD_DynamicRelease' in Mandelbrot.obj
sfml-window-s-d.lib(WindowImpl.cpp.obj) : error LNK2038: discordance détectée pour '_ITERATOR_DEBUG_LEVEL' : la valeur '2' ne correspond pas à la valeur '0' in Mandelbrot.obj
sfml-window-s-d.lib(WindowImpl.cpp.obj) : error LNK2038: discordance détectée pour 'RuntimeLibrary' : la valeur 'MDd_DynamicDebug' ne correspond pas à la valeur 'MD_DynamicRelease' in Mandelbrot.obj
sfml-window-s-d.lib(VideoModeImpl.cpp.obj) : error LNK2038: discordance détectée pour '_ITERATOR_DEBUG_LEVEL' : la valeur '2' ne correspond pas à la valeur '0' in Mandelbrot.obj
sfml-window-s-d.lib(VideoModeImpl.cpp.obj) : error LNK2038: discordance détectée pour 'RuntimeLibrary' : la valeur 'MDd_DynamicDebug' ne correspond pas à la valeur 'MD_DynamicRelease' in Mandelbrot.obj
sfml-window-s-d.lib(InputImpl.cpp.obj) : error LNK2038: discordance détectée pour '_ITERATOR_DEBUG_LEVEL' : la valeur '2' ne correspond pas à la valeur '0' in Mandelbrot.obj
sfml-window-s-d.lib(InputImpl.cpp.obj) : error LNK2038: discordance détectée pour 'RuntimeLibrary' : la valeur 'MDd_DynamicDebug' ne correspond pas à la valeur 'MD_DynamicRelease' in Mandelbrot.obj
sfml-window-s-d.lib(CursorImpl.cpp.obj) : error LNK2038: discordance détectée pour '_ITERATOR_DEBUG_LEVEL' : la valeur '2' ne correspond pas à la valeur '0' in Mandelbrot.obj
sfml-window-s-d.lib(CursorImpl.cpp.obj) : error LNK2038: discordance détectée pour 'RuntimeLibrary' : la valeur 'MDd_DynamicDebug' ne correspond pas à la valeur 'MD_DynamicRelease' in Mandelbrot.obj
sfml-window-s-d.lib(WglContext.cpp.obj) : error LNK2038: discordance détectée pour '_ITERATOR_DEBUG_LEVEL' : la valeur '2' ne correspond pas à la valeur '0' in Mandelbrot.obj
sfml-window-s-d.lib(WglContext.cpp.obj) : error LNK2038: discordance détectée pour 'RuntimeLibrary' : la valeur 'MDd_DynamicDebug' ne correspond pas à la valeur 'MD_DynamicRelease' in Mandelbrot.obj
sfml-window-s-d.lib(JoystickManager.cpp.obj) : error LNK2038: discordance détectée pour '_ITERATOR_DEBUG_LEVEL' : la valeur '2' ne correspond pas à la valeur '0' in Mandelbrot.obj
sfml-window-s-d.lib(JoystickManager.cpp.obj) : error LNK2038: discordance détectée pour 'RuntimeLibrary' : la valeur 'MDd_DynamicDebug' ne correspond pas à la valeur 'MD_DynamicRelease' in Mandelbrot.obj
sfml-window-s-d.lib(SensorManager.cpp.obj) : error LNK2038: discordance détectée pour '_ITERATOR_DEBUG_LEVEL' : la valeur '2' ne correspond pas à la valeur '0' in Mandelbrot.obj
sfml-window-s-d.lib(SensorManager.cpp.obj) : error LNK2038: discordance détectée pour 'RuntimeLibrary' : la valeur 'MDd_DynamicDebug' ne correspond pas à la valeur 'MD_DynamicRelease' in Mandelbrot.obj
sfml-window-s-d.lib(WindowImplWin32.cpp.obj) : error LNK2038: discordance détectée pour '_ITERATOR_DEBUG_LEVEL' : la valeur '2' ne correspond pas à la valeur '0' in Mandelbrot.obj
sfml-window-s-d.lib(WindowImplWin32.cpp.obj) : error LNK2038: discordance détectée pour 'RuntimeLibrary' : la valeur 'MDd_DynamicDebug' ne correspond pas à la valeur 'MD_DynamicRelease' in Mandelbrot.obj
sfml-window-s-d.lib(WglExtensions.cpp.obj) : error LNK2038: discordance détectée pour '_ITERATOR_DEBUG_LEVEL' : la valeur '2' ne correspond pas à la valeur '0' in Mandelbrot.obj
sfml-window-s-d.lib(WglExtensions.cpp.obj) : error LNK2038: discordance détectée pour 'RuntimeLibrary' : la valeur 'MDd_DynamicDebug' ne correspond pas à la valeur 'MD_DynamicRelease' in Mandelbrot.obj
sfml-window-s-d.lib(Joystick.cpp.obj) : error LNK2038: discordance détectée pour '_ITERATOR_DEBUG_LEVEL' : la valeur '2' ne correspond pas à la valeur '0' in Mandelbrot.obj
sfml-window-s-d.lib(Joystick.cpp.obj) : error LNK2038: discordance détectée pour 'RuntimeLibrary' : la valeur 'MDd_DynamicDebug' ne correspond pas à la valeur 'MD_DynamicRelease' in Mandelbrot.obj
sfml-window-s-d.lib(JoystickImpl.cpp.obj) : error LNK2038: discordance détectée pour '_ITERATOR_DEBUG_LEVEL' : la valeur '2' ne correspond pas à la valeur '0' in Mandelbrot.obj
sfml-window-s-d.lib(JoystickImpl.cpp.obj) : error LNK2038: discordance détectée pour 'RuntimeLibrary' : la valeur 'MDd_DynamicDebug' ne correspond pas à la valeur 'MD_DynamicRelease' in Mandelbrot.obj
sfml-system-s-d.lib(String.cpp.obj) : error LNK2038: discordance détectée pour '_ITERATOR_DEBUG_LEVEL' : la valeur '2' ne correspond pas à la valeur '0' in Mandelbrot.obj
sfml-system-s-d.lib(String.cpp.obj) : error LNK2038: discordance détectée pour 'RuntimeLibrary' : la valeur 'MDd_DynamicDebug' ne correspond pas à la valeur 'MD_DynamicRelease' in Mandelbrot.obj
sfml-system-s-d.lib(Err.cpp.obj) : error LNK2038: discordance détectée pour '_ITERATOR_DEBUG_LEVEL' : la valeur '2' ne correspond pas à la valeur '0' in Mandelbrot.obj
sfml-system-s-d.lib(Err.cpp.obj) : error LNK2038: discordance détectée pour 'RuntimeLibrary' : la valeur 'MDd_DynamicDebug' ne correspond pas à la valeur 'MD_DynamicRelease' in Mandelbrot.obj
LINK : warning LNK4098: conflit entre la bibliothèque par défaut 'MSVCRTD' et les autres bibliothèques ; utilisez /NODEFAULTLIB:library
sfml-window-s-d.lib(WindowImplWin32.cpp.obj) : error LNK2001: symbole externe non résolu __imp___invalid_parameter
sfml-window-s-d.lib(WglExtensions.cpp.obj) : error LNK2001: symbole externe non résolu __imp___invalid_parameter
sfml-window-s-d.lib(JoystickImpl.cpp.obj) : error LNK2001: symbole externe non résolu __imp___invalid_parameter
sfml-system-s-d.lib(String.cpp.obj) : error LNK2001: symbole externe non résolu __imp___invalid_parameter
sfml-window-s-d.lib(WindowImpl.cpp.obj) : error LNK2001: symbole externe non résolu __imp___invalid_parameter
sfml-window-s-d.lib(VideoModeImpl.cpp.obj) : error LNK2001: symbole externe non résolu __imp___invalid_parameter
sfml-window-s-d.lib(WglContext.cpp.obj) : error LNK2001: symbole externe non résolu __imp___invalid_parameter
sfml-window-s-d.lib(JoystickManager.cpp.obj) : error LNK2001: symbole externe non résolu __imp___invalid_parameter
sfml-graphics-s-d.lib(Glsl.cpp.obj) : error LNK2001: symbole externe non résolu __imp___invalid_parameter
sfml-window-s-d.lib(Window.cpp.obj) : error LNK2001: symbole externe non résolu __imp___invalid_parameter
sfml-window-s-d.lib(VideoMode.cpp.obj) : error LNK2001: symbole externe non résolu __imp___invalid_parameter
sfml-window-s-d.lib(GlContext.cpp.obj) : error LNK2001: symbole externe non résolu __imp___invalid_parameter
sfml-graphics-s-d.lib(RenderTextureImplFBO.cpp.obj) : error LNK2001: symbole externe non résolu __imp___invalid_parameter
sfml-graphics-s-d.lib(ImageLoader.cpp.obj) : error LNK2001: symbole externe non résolu __imp___invalid_parameter
sfml-graphics-s-d.lib(Shader.cpp.obj) : error LNK2001: symbole externe non résolu __imp___invalid_parameter
sfml-graphics-s-d.lib(VertexArray.cpp.obj) : error LNK2001: symbole externe non résolu __imp___invalid_parameter
sfml-graphics-s-d.lib(Shape.cpp.obj) : error LNK2001: symbole externe non résolu __imp___invalid_parameter
sfml-graphics-s-d.lib(Font.cpp.obj) : error LNK2001: symbole externe non résolu __imp___invalid_parameter
sfml-graphics-s-d.lib(Text.cpp.obj) : error LNK2001: symbole externe non résolu __imp___invalid_parameter
sfml-graphics-s-d.lib(GLCheck.cpp.obj) : error LNK2001: symbole externe non résolu __imp___invalid_parameter
sfml-graphics-s-d.lib(Color.cpp.obj) : error LNK2001: symbole externe non résolu __imp___invalid_parameter
sfml-graphics-s-d.lib(Texture.cpp.obj) : error LNK2001: symbole externe non résolu __imp___invalid_parameter
sfml-graphics-s-d.lib(Image.cpp.obj) : error LNK2001: symbole externe non résolu __imp___invalid_parameter
sfml-graphics-s-d.lib(RenderTarget.cpp.obj) : error LNK2001: symbole externe non résolu __imp___invalid_parameter
sfml-window-s-d.lib(WindowImplWin32.cpp.obj) : error LNK2001: symbole externe non résolu __imp___CrtDbgReport
sfml-window-s-d.lib(WglExtensions.cpp.obj) : error LNK2001: symbole externe non résolu __imp___CrtDbgReport
sfml-window-s-d.lib(JoystickImpl.cpp.obj) : error LNK2001: symbole externe non résolu __imp___CrtDbgReport
sfml-system-s-d.lib(String.cpp.obj) : error LNK2001: symbole externe non résolu __imp___CrtDbgReport
sfml-window-s-d.lib(WindowImpl.cpp.obj) : error LNK2001: symbole externe non résolu __imp___CrtDbgReport
sfml-window-s-d.lib(VideoModeImpl.cpp.obj) : error LNK2001: symbole externe non résolu __imp___CrtDbgReport
sfml-window-s-d.lib(WglContext.cpp.obj) : error LNK2001: symbole externe non résolu __imp___CrtDbgReport
sfml-window-s-d.lib(JoystickManager.cpp.obj) : error LNK2001: symbole externe non résolu __imp___CrtDbgReport
sfml-graphics-s-d.lib(Glsl.cpp.obj) : error LNK2001: symbole externe non résolu __imp___CrtDbgReport
sfml-window-s-d.lib(Window.cpp.obj) : error LNK2001: symbole externe non résolu __imp___CrtDbgReport
sfml-window-s-d.lib(VideoMode.cpp.obj) : error LNK2001: symbole externe non résolu __imp___CrtDbgReport
sfml-window-s-d.lib(GlContext.cpp.obj) : error LNK2001: symbole externe non résolu __imp___CrtDbgReport
sfml-graphics-s-d.lib(RenderTextureImplFBO.cpp.obj) : error LNK2001: symbole externe non résolu __imp___CrtDbgReport
sfml-graphics-s-d.lib(ImageLoader.cpp.obj) : error LNK2001: symbole externe non résolu __imp___CrtDbgReport
sfml-graphics-s-d.lib(Shader.cpp.obj) : error LNK2001: symbole externe non résolu __imp___CrtDbgReport
sfml-graphics-s-d.lib(VertexArray.cpp.obj) : error LNK2001: symbole externe non résolu __imp___CrtDbgReport
sfml-graphics-s-d.lib(Shape.cpp.obj) : error LNK2001: symbole externe non résolu __imp___CrtDbgReport
sfml-graphics-s-d.lib(Font.cpp.obj) : error LNK2001: symbole externe non résolu __imp___CrtDbgReport
sfml-graphics-s-d.lib(Text.cpp.obj) : error LNK2001: symbole externe non résolu __imp___CrtDbgReport
sfml-graphics-s-d.lib(GLCheck.cpp.obj) : error LNK2001: symbole externe non résolu __imp___CrtDbgReport
sfml-graphics-s-d.lib(Color.cpp.obj) : error LNK2001: symbole externe non résolu __imp___CrtDbgReport
sfml-graphics-s-d.lib(Texture.cpp.obj) : error LNK2001: symbole externe non résolu __imp___CrtDbgReport
sfml-graphics-s-d.lib(Image.cpp.obj) : error LNK2001: symbole externe non résolu __imp___CrtDbgReport
sfml-graphics-s-d.lib(RenderTarget.cpp.obj) : error LNK2001: symbole externe non résolu __imp___CrtDbgReport
sfml-window-s-d.lib(JoystickImpl.cpp.obj) : error LNK2001: symbole externe non résolu __imp___calloc_dbg
sfml-system-s-d.lib(String.cpp.obj) : error LNK2001: symbole externe non résolu __imp___calloc_dbg
sfml-window-s-d.lib(WglContext.cpp.obj) : error LNK2001: symbole externe non résolu __imp___calloc_dbg
sfml-window-s-d.lib(JoystickManager.cpp.obj) : error LNK2001: symbole externe non résolu __imp___calloc_dbg
sfml-window-s-d.lib(WindowImplWin32.cpp.obj) : error LNK2001: symbole externe non résolu __imp___calloc_dbg
sfml-window-s-d.lib(Joystick.cpp.obj) : error LNK2001: symbole externe non résolu __imp___calloc_dbg
sfml-window-s-d.lib(Window.cpp.obj) : error LNK2001: symbole externe non résolu __imp___calloc_dbg
sfml-window-s-d.lib(Mouse.cpp.obj) : error LNK2001: symbole externe non résolu __imp___calloc_dbg
sfml-window-s-d.lib(WindowImpl.cpp.obj) : error LNK2001: symbole externe non résolu __imp___calloc_dbg
sfml-window-s-d.lib(InputImpl.cpp.obj) : error LNK2001: symbole externe non résolu __imp___calloc_dbg
sfml-graphics-s-d.lib(Texture.cpp.obj) : error LNK2001: symbole externe non résolu __imp___calloc_dbg
sfml-graphics-s-d.lib(RenderWindow.cpp.obj) : error LNK2001: symbole externe non résolu __imp___calloc_dbg
sfml-graphics-s-d.lib(Font.cpp.obj) : error LNK2001: symbole externe non résolu __imp___calloc_dbg
sfml-graphics-s-d.lib(Text.cpp.obj) : error LNK2001: symbole externe non résolu __imp___calloc_dbg
F:\Code\Projets\C++\Complexes\Release\Complexes.exe : fatal error LNK1120: 3 externes non résolus
